#########################################################
#
# Starting docker image :  wiziq/session:v2.2
# <session-dir>         :  /home/wiziq/vc/wvc/common/session <== ../../session/
# <port>                :  5000->3179
# <name>                :  session-server
#
#########################################################
e04093f7c4f8f6442a0a13395d1e1875dfa0292b8806a5291e5944e93509ee5c
Error response from daemon: Cannot start container e04093f7c4f8f6442a0a13395d1e1875dfa0292b8806a5291e5944e93509ee5c: failed to create endpoint session-server on network bridge: Error starting userland proxy: listen tcp 0.0.0.0:5000: bind: address already in use
#########################################################
#
# Starting docker image :  wiziq/session:v2.2
# <session-dir>         :  /home/wiziq/vc/wvc/common/session <== ../../session/
# <port>                :  5000->3179
# <name>                :  session-server
#
#########################################################
913e5e4ce8e21b5b0bf06a4cb011f96517607a098dcec923721ca4089c18cf4d
Error response from daemon: Cannot start container 913e5e4ce8e21b5b0bf06a4cb011f96517607a098dcec923721ca4089c18cf4d: failed to create endpoint session-server on network bridge: Error starting userland proxy: listen tcp 0.0.0.0:5000: bind: address already in use
#########################################################
#
# Starting docker image :  wiziq/session:v2.2
# <session-dir>         :  /home/wiziq/vc/wvc/common/session <== ../../session/
# <port>                :  7777->3179
# <name>                :  session-server
#
#########################################################
Error response from daemon: Conflict. The name "session-server" is already in use by container 913e5e4ce8e2. You have to remove (or rename) that container to be able to reuse that name.
#########################################################
#
# Starting docker image :  wiziq/session:v2.2
# <session-dir>         :  /home/wiziq/vc/wvc/common/session <== ../../session/
# <port>                :  7777->3179
# <name>                :  session-server
#
#########################################################
406a455e1a10a76b7f352fbf6ed706566337b7e4a229f974d5ace92285b53e69
2015-12-01T08:40:49.627Z - [32minfo[39m: [32m*---------------- Session Server Cluster -------------*[39m
2015-12-01T08:40:49.636Z - [32minfo[39m: [32m*    Env  =  undefined[39m
2015-12-01T08:40:49.637Z - [32minfo[39m: [32m*    Addr : 3179[39m
2015-12-01T08:40:49.637Z - [32minfo[39m: [32m*    Port : 3179[39m
2015-12-01T08:40:49.645Z - [32minfo[39m: [32mclass: transition ->  PROVISIONING[39m
2015-12-01T08:40:50.044Z - [32minfo[39m: [32mav-tokbox: init :[39m name=av-tokbox, apikey=45399392, apisecret=db60ab577686ec8fdad5232a4078eaa8ddb9be18, p2p=false
2015-12-01T08:40:50.075Z - [32minfo[39m: [32mwhite-board basic : init :[39m name=wboard-basic, background=default
2015-12-01T08:40:50.076Z - [32minfo[39m: [32mresources:module.init: "wboard-basic" ok[39m
2015-12-01T08:40:50.226Z - [32minfo[39m: [32mchat-box: init : {"name":"chat-box","custom":{"server_url":"https://wiziq-ubuntu-a.cloudapp.net"}}[39m
/session/resources/chat-box/main.js:194
			final_cookie = final_cookie.substr(2, final_cookie.indexOf(';') - 2);
			                           ^

TypeError: Cannot read property 'substr' of undefined
    at Request.<anonymous> (/session/resources/chat-box/main.js:194:31)
    at emitTwo (events.js:87:13)
    at Request.emit (events.js:172:7)
    at Request.mixin._fireSuccess (/session/node_modules/restler/lib/restler.js:229:10)
    at /session/node_modules/restler/lib/restler.js:161:20
    at IncomingMessage.parsers.auto (/session/node_modules/restler/lib/restler.js:402:7)
    at Request.mixin._encode (/session/node_modules/restler/lib/restler.js:198:29)
    at /session/node_modules/restler/lib/restler.js:157:16
    at Gunzip.onEnd (zlib.js:227:5)
    at emitNone (events.js:72:20)
#########################################################
#
# Starting docker image :  wiziq/session:v2.2
# <session-dir>         :  /home/wiziq/vc/wvc/common/session <== ../../session/
# <port>                :  7777->3179
# <name>                :  session-server
#
#########################################################
0058c5050da5ce487622480c9a7eac42636b114b426cd4223142a29f1f894848
2015-12-01T10:27:05.879Z - [32minfo[39m: [32m*---------------- Session Server Cluster -------------*[39m
2015-12-01T10:27:05.888Z - [32minfo[39m: [32m*    Env  =  undefined[39m
2015-12-01T10:27:05.889Z - [32minfo[39m: [32m*    Addr : 3179[39m
2015-12-01T10:27:05.889Z - [32minfo[39m: [32m*    Port : 3179[39m
2015-12-01T10:27:05.892Z - [32minfo[39m: [32mclass: transition ->  PROVISIONING[39m
2015-12-01T10:27:06.330Z - [32minfo[39m: [32mav-tokbox: init :[39m name=av-tokbox, apikey=45399392, apisecret=db60ab577686ec8fdad5232a4078eaa8ddb9be18, p2p=false
2015-12-01T10:27:06.361Z - [32minfo[39m: [32mwhite-board basic : init :[39m name=wboard-basic, background=default
2015-12-01T10:27:06.362Z - [32minfo[39m: [32mresources:module.init: "wboard-basic" ok[39m
2015-12-01T10:27:06.514Z - [32minfo[39m: [32mchat-box: init : {"name":"chat-box","custom":{"server_url":"https://wiziq-ubuntu-a.cloudapp.net"}}[39m
2015-12-01T10:27:06.679Z - [33mwarn[39m: [33mFail: error reading cookie[39m
2015-12-01T10:27:06.679Z - [31merror[39m: [31mresources:module.init: "chat-box" err = error reading cookie[39m
